<?xml version="1.0" encoding="UTF-8"?>
<!-- Generated by org.testng.reporters.JUnitReportReporter -->
<testsuite skipped="0" hostname="ip-172-31-87-16" name="restAPIBDD.PostRequest" tests="1" failures="0" timestamp="03 Dec 2021 08:13:19 GMT" time="1.892" errors="0">
  <testcase name="PostCall" time="1.892" classname="restAPIBDD.PostRequest"/>
</testsuite> <!-- restAPIBDD.PostRequest -->
